This file contains any messages produced by compilers while
running configure, to aid debugging if configure makes a mistake.

It was created by configure, which was
generated by GNU Autoconf 2.59.  Invocation command line was

  $ ./configure 

## --------- ##
## Platform. ##
## --------- ##

hostname = jps
uname -m = i686
uname -r = 2.6.14-hardened-r8
uname -s = Linux
uname -v = #17 PREEMPT Sat Sep 9 03:23:20 MYT 2006

/usr/bin/uname -p = Intel(R) Pentium(R) M processor 1.70GHz
/bin/uname -X     = unknown

/bin/arch              = i686
/usr/bin/arch -k       = unknown
/usr/convex/getsysinfo = unknown
hostinfo               = unknown
/bin/machine           = unknown
/usr/bin/oslevel       = unknown
/bin/universe          = unknown

PATH: /sbin
PATH: /usr/sbin
PATH: /sbin
PATH: /usr/sbin
PATH: /usr/local/bin
PATH: /usr/bin
PATH: /bin
PATH: /opt/bin
PATH: /usr/i686-pc-linux-gnu/gcc-bin/3.4.6
PATH: /usr/i386-pc-linux-gnu/gcc-bin/3.4.4
PATH: /opt/blackdown-jdk-1.4.2.03/bin
PATH: /opt/blackdown-jdk-1.4.2.03/jre/bin
PATH: /usr/kde/3.5/bin
PATH: /usr/qt/3/bin
PATH: /usr/kde/3.4/bin
PATH: /opt/vmware/workstation/bin
PATH: /opt/insight/bin
PATH: /opt/cxoffice/bin
PATH: /home/rd//bin
PATH: /opt/cxoffice/bin
PATH: /home/rd//bin


## ----------- ##
## Core tests. ##
## ----------- ##

configure:1299: checking for a BSD-compatible install
configure:1354: result: /usr/bin/install -c
configure:1365: checking whether build environment is sane
configure:1408: result: yes
configure:1433: WARNING: `missing' script is too old or missing
configure:1441: checking for gawk
configure:1457: found /usr/bin/gawk
configure:1467: result: gawk
configure:1477: checking whether make sets $(MAKE)
configure:1497: result: yes
configure:1710: checking for gcc
configure:1726: found /usr/bin/gcc
configure:1736: result: gcc
configure:1980: checking for C compiler version
configure:1983: gcc --version </dev/null >&5
gcc (GCC) 3.4.6 (Gentoo Hardened 3.4.6, ssp-3.4.5-1.0, pie-8.7.9)
Copyright (C) 2006 Free Software Foundation, Inc.
This is free software; see the source for copying conditions.  There is NO
warranty; not even for MERCHANTABILITY or FITNESS FOR A PARTICULAR PURPOSE.

configure:1986: $? = 0
configure:1988: gcc -v </dev/null >&5
Reading specs from /usr/lib/gcc/i686-pc-linux-gnu/3.4.6/specs
Reading specs from /usr/lib/gcc/i686-pc-linux-gnu/3.4.6/vanilla.specs
Configured with: /var/tmp/portage/gcc-3.4.6/work/gcc-3.4.6/configure --prefix=/usr --bindir=/usr/i686-pc-linux-gnu/gcc-bin/3.4.6 --includedir=/usr/lib/gcc/i686-pc-linux-gnu/3.4.6/include --datadir=/usr/share/gcc-data/i686-pc-linux-gnu/3.4.6 --mandir=/usr/share/gcc-data/i686-pc-linux-gnu/3.4.6/man --infodir=/usr/share/gcc-data/i686-pc-linux-gnu/3.4.6/info --with-gxx-include-dir=/usr/lib/gcc/i686-pc-linux-gnu/3.4.6/include/g++-v3 --host=i686-pc-linux-gnu --build=i686-pc-linux-gnu --disable-altivec --enable-nls --without-included-gettext --with-system-zlib --disable-checking --disable-werror --disable-libunwind-exceptions --disable-multilib --disable-libgcj --enable-languages=c,c++ --enable-shared --enable-threads=posix --enable-__cxa_atexit --enable-clocale=gnu
Thread model: posix
gcc version 3.4.6 (Gentoo Hardened 3.4.6, ssp-3.4.5-1.0, pie-8.7.9)
configure:1991: $? = 0
configure:1993: gcc -V </dev/null >&5
gcc: `-V' option must have argument
configure:1996: $? = 1
configure:2019: checking for C compiler default output file name
configure:2022: gcc    conftest.c  >&5
configure:2025: $? = 0
configure:2071: result: a.out
configure:2076: checking whether the C compiler works
configure:2082: ./a.out
configure:2085: $? = 0
configure:2102: result: yes
configure:2109: checking whether we are cross compiling
configure:2111: result: no
configure:2114: checking for suffix of executables
configure:2116: gcc -o conftest    conftest.c  >&5
configure:2119: $? = 0
configure:2144: result: 
configure:2150: checking for suffix of object files
configure:2171: gcc -c   conftest.c >&5
configure:2174: $? = 0
configure:2196: result: o
configure:2200: checking whether we are using the GNU C compiler
configure:2224: gcc -c   conftest.c >&5
configure:2230: $? = 0
configure:2234: test -z 
			 || test ! -s conftest.err
configure:2237: $? = 0
configure:2240: test -s conftest.o
configure:2243: $? = 0
configure:2256: result: yes
configure:2262: checking whether gcc accepts -g
configure:2283: gcc -c -g  conftest.c >&5
configure:2289: $? = 0
configure:2293: test -z 
			 || test ! -s conftest.err
configure:2296: $? = 0
configure:2299: test -s conftest.o
configure:2302: $? = 0
configure:2313: result: yes
configure:2330: checking for gcc option to accept ANSI C
configure:2400: gcc  -c -g -O2  conftest.c >&5
configure:2406: $? = 0
configure:2410: test -z 
			 || test ! -s conftest.err
configure:2413: $? = 0
configure:2416: test -s conftest.o
configure:2419: $? = 0
configure:2437: result: none needed
configure:2455: gcc -c -g -O2  conftest.c >&5
conftest.c:2: error: syntax error before "me"
configure:2461: $? = 1
configure: failed program was:
| #ifndef __cplusplus
|   choke me
| #endif
configure:2605: checking for style of include used by make
configure:2633: result: GNU
configure:2661: checking dependency style of gcc
configure:2744: result: none
configure:2768: checking build system type
configure:2786: result: i686-pc-linux-gnu
configure:2794: checking host system type
configure:2808: result: i686-pc-linux-gnu
configure:2882: checking for a BSD-compatible install
configure:2937: result: /usr/bin/install -c
configure:3058: creating ./config.status

## ---------------------- ##
## Running config.status. ##
## ---------------------- ##

This file was extended by config.status, which was
generated by GNU Autoconf 2.59.  Invocation command line was

  CONFIG_FILES    = 
  CONFIG_HEADERS  = 
  CONFIG_LINKS    = 
  CONFIG_COMMANDS = 
  $ ./config.status 

on jps

config.status:692: creating Makefile
config.status:796: creating config.h
config.status:884: config.h is unchanged
config.status:1064: executing depfiles commands

## ---------------- ##
## Cache variables. ##
## ---------------- ##

ac_cv_build=i686-pc-linux-gnu
ac_cv_build_alias=i686-pc-linux-gnu
ac_cv_c_compiler_gnu=yes
ac_cv_env_CC_set=
ac_cv_env_CC_value=
ac_cv_env_CFLAGS_set=
ac_cv_env_CFLAGS_value=
ac_cv_env_CPPFLAGS_set=
ac_cv_env_CPPFLAGS_value=
ac_cv_env_LDFLAGS_set=
ac_cv_env_LDFLAGS_value=
ac_cv_env_build_alias_set=
ac_cv_env_build_alias_value=
ac_cv_env_host_alias_set=
ac_cv_env_host_alias_value=
ac_cv_env_target_alias_set=
ac_cv_env_target_alias_value=
ac_cv_exeext=
ac_cv_host=i686-pc-linux-gnu
ac_cv_host_alias=i686-pc-linux-gnu
ac_cv_objext=o
ac_cv_path_install='/usr/bin/install -c'
ac_cv_prog_AWK=gawk
ac_cv_prog_ac_ct_CC=gcc
ac_cv_prog_cc_g=yes
ac_cv_prog_cc_stdc=
ac_cv_prog_make_make_set=yes
am_cv_CC_dependencies_compiler_type=none

## ----------------- ##
## Output variables. ##
## ----------------- ##

ACLOCAL='aclocal-1.7'
AMDEPBACKSLASH='\'
AMDEP_FALSE='#'
AMDEP_TRUE=''
AMTAR='tar'
AUTOCONF='autoconf'
AUTOHEADER='autoheader'
AUTOMAKE='automake-1.7'
AWK='gawk'
CC='gcc'
CCDEPMODE='depmode=none'
CFLAGS='-g -O2'
CPPFLAGS=''
CYGPATH_W='echo'
DEFS='-DHAVE_CONFIG_H'
DEPDIR='.deps'
ECHO_C=''
ECHO_N='-n'
ECHO_T=''
EXEEXT=''
INSTALL_DATA='${INSTALL} -m 644'
INSTALL_PROGRAM='${INSTALL}'
INSTALL_SCRIPT='${INSTALL}'
INSTALL_STRIP_PROGRAM='${SHELL} $(install_sh) -c -s'
LDFLAGS=''
LIBOBJS=''
LIBS=''
LTLIBOBJS=''
MAKEINFO='makeinfo'
OBJEXT='o'
PACKAGE='vulture'
PACKAGE_BUGREPORT=''
PACKAGE_NAME=''
PACKAGE_STRING=''
PACKAGE_TARNAME=''
PACKAGE_VERSION=''
PATH_SEPARATOR=':'
SET_MAKE=''
SHELL='/bin/sh'
STRIP=''
VERSION='0.9'
ac_ct_CC='gcc'
ac_ct_STRIP=''
am__fastdepCC_FALSE=''
am__fastdepCC_TRUE='#'
am__include='include'
am__leading_dot='.'
am__quote=''
bindir='${exec_prefix}/bin'
build='i686-pc-linux-gnu'
build_alias=''
build_cpu='i686'
build_os='linux-gnu'
build_vendor='pc'
datadir='${prefix}/share'
exec_prefix='${prefix}'
host='i686-pc-linux-gnu'
host_alias=''
host_cpu='i686'
host_os='linux-gnu'
host_vendor='pc'
includedir='${prefix}/include'
infodir='${prefix}/info'
install_sh='/home/rd/project/vulture/install-sh'
libdir='${exec_prefix}/lib'
libexecdir='${exec_prefix}/libexec'
localstatedir='${prefix}/var'
mandir='${prefix}/man'
oldincludedir='/usr/include'
prefix='/usr/local'
program_transform_name='s,x,x,'
sbindir='${exec_prefix}/sbin'
sharedstatedir='${prefix}/com'
sysconfdir='${prefix}/etc'
target_alias=''

## ----------- ##
## confdefs.h. ##
## ----------- ##

#define LINUX
#define PACKAGE "vulture"
#define PACKAGE_BUGREPORT ""
#define PACKAGE_NAME ""
#define PACKAGE_STRING ""
#define PACKAGE_TARNAME ""
#define PACKAGE_VERSION ""
#define VERSION "0.9"

configure: exit 0
